2025-04-15 21:50:15,907 - history_trace - DEBUG - get_or_create_source:duration_seconds:0.001154
2025-04-15 21:50:15,918 - history_trace - DEBUG - db_op:create_summary:class:Repository:called_from:the_history_atlas.apps.history.history_app.create_wikidata_event:duration_seconds:0.010253
2025-04-15 21:50:15,918 - history_trace - DEBUG - create_summary:duration_seconds:0.010422
2025-04-15 21:50:15,936 - history_trace - DEBUG - db_op:create_citation_complete:class:Repository:called_from:the_history_atlas.apps.history.history_app.create_wikidata_event:duration_seconds:0.017207
2025-04-15 21:50:15,936 - history_trace - DEBUG - create_citation:duration_seconds:0.018123
2025-04-15 21:50:15,942 - history_trace - DEBUG - get_time_and_precision:duration_seconds:0.005128
2025-04-15 21:50:15,952 - history_trace - DEBUG - db_op:get_story_order:class:Repository:called_from:the_history_atlas.apps.history.repository.bulk_create_tag_instances:duration_seconds:0.010401
2025-04-15 21:50:15,952 - history_trace - DEBUG - get_story_order_for_tag_0cddd487-be23-4656-bb75-9c25eeac1613:duration_seconds:0.010481
2025-04-15 21:50:15,955 - history_trace - DEBUG - db_op:update_story_orders:class:Repository:called_from:the_history_atlas.apps.history.repository.bulk_create_tag_instances:duration_seconds:0.002586
2025-04-15 21:50:15,955 - history_trace - DEBUG - update_story_orders_for_tag_0cddd487-be23-4656-bb75-9c25eeac1613:duration_seconds:0.002718
2025-04-15 21:50:15,958 - history_trace - DEBUG - bulk_insert_for_tag_0cddd487-be23-4656-bb75-9c25eeac1613:duration_seconds:0.002702
2025-04-15 21:50:15,964 - history_trace - DEBUG - db_op:get_story_order:class:Repository:called_from:the_history_atlas.apps.history.repository.bulk_create_tag_instances:duration_seconds:0.005961
2025-04-15 21:50:15,965 - history_trace - DEBUG - get_story_order_for_tag_9767569a-a877-44e0-a60a-5a969ad5be24:duration_seconds:0.006342
2025-04-15 21:50:15,969 - history_trace - DEBUG - db_op:update_story_orders:class:Repository:called_from:the_history_atlas.apps.history.repository.bulk_create_tag_instances:duration_seconds:0.003975
2025-04-15 21:50:15,969 - history_trace - DEBUG - update_story_orders_for_tag_9767569a-a877-44e0-a60a-5a969ad5be24:duration_seconds:0.004313
2025-04-15 21:50:15,971 - history_trace - DEBUG - bulk_insert_for_tag_9767569a-a877-44e0-a60a-5a969ad5be24:duration_seconds:0.001404
2025-04-15 21:50:15,973 - history_trace - DEBUG - db_op:get_story_order:class:Repository:called_from:the_history_atlas.apps.history.repository.bulk_create_tag_instances:duration_seconds:0.002042
2025-04-15 21:50:15,974 - history_trace - DEBUG - get_story_order_for_tag_729d610e-a69d-4b87-8929-0c2fe21fb363:duration_seconds:0.002316
2025-04-15 21:50:15,974 - history_trace - DEBUG - db_op:update_story_orders:class:Repository:called_from:the_history_atlas.apps.history.repository.bulk_create_tag_instances:duration_seconds:0.000627
2025-04-15 21:50:15,975 - history_trace - DEBUG - update_story_orders_for_tag_729d610e-a69d-4b87-8929-0c2fe21fb363:duration_seconds:0.000739
2025-04-15 21:50:15,975 - history_trace - DEBUG - bulk_insert_for_tag_729d610e-a69d-4b87-8929-0c2fe21fb363:duration_seconds:0.000617
2025-04-15 21:50:15,975 - history_trace - DEBUG - db_op:bulk_create_tag_instances:class:Repository:called_from:the_history_atlas.apps.history.history_app.create_wikidata_event:duration_seconds:0.033767
2025-04-15 21:50:15,976 - history_trace - DEBUG - create_tag_instances:duration_seconds:0.033878
2025-04-15 21:50:15,977 - history_trace - DEBUG - commit_transaction:duration_seconds:0.001167
2025-04-15 21:50:15,977 - history_trace - DEBUG - create_wikidata_event:duration_seconds:0.071040
2025-04-15 21:50:18,136 - history_trace - DEBUG - get_or_create_source:duration_seconds:0.000811
2025-04-15 21:50:18,140 - history_trace - DEBUG - db_op:create_summary:class:Repository:called_from:the_history_atlas.apps.history.history_app.create_wikidata_event:duration_seconds:0.003305
2025-04-15 21:50:18,140 - history_trace - DEBUG - create_summary:duration_seconds:0.003411
2025-04-15 21:50:18,141 - history_trace - DEBUG - db_op:create_citation_complete:class:Repository:called_from:the_history_atlas.apps.history.history_app.create_wikidata_event:duration_seconds:0.000973
2025-04-15 21:50:18,141 - history_trace - DEBUG - create_citation:duration_seconds:0.001097
2025-04-15 21:50:18,142 - history_trace - DEBUG - get_time_and_precision:duration_seconds:0.000947
2025-04-15 21:50:18,144 - history_trace - DEBUG - db_op:get_story_order:class:Repository:called_from:the_history_atlas.apps.history.repository.bulk_create_tag_instances:duration_seconds:0.001837
2025-04-15 21:50:18,144 - history_trace - DEBUG - get_story_order_for_tag_f08bf4ef-caa8-4e0d-89c4-4f1c74cec87b:duration_seconds:0.001887
2025-04-15 21:50:18,145 - history_trace - DEBUG - db_op:update_story_orders:class:Repository:called_from:the_history_atlas.apps.history.repository.bulk_create_tag_instances:duration_seconds:0.000633
2025-04-15 21:50:18,145 - history_trace - DEBUG - update_story_orders_for_tag_f08bf4ef-caa8-4e0d-89c4-4f1c74cec87b:duration_seconds:0.000674
2025-04-15 21:50:18,145 - history_trace - DEBUG - bulk_insert_for_tag_f08bf4ef-caa8-4e0d-89c4-4f1c74cec87b:duration_seconds:0.000602
2025-04-15 21:50:18,152 - history_trace - DEBUG - db_op:get_story_order:class:Repository:called_from:the_history_atlas.apps.history.repository.bulk_create_tag_instances:duration_seconds:0.006224
2025-04-15 21:50:18,152 - history_trace - DEBUG - get_story_order_for_tag_9767569a-a877-44e0-a60a-5a969ad5be24:duration_seconds:0.006283
2025-04-15 21:50:18,153 - history_trace - DEBUG - db_op:update_story_orders:class:Repository:called_from:the_history_atlas.apps.history.repository.bulk_create_tag_instances:duration_seconds:0.000776
2025-04-15 21:50:18,153 - history_trace - DEBUG - update_story_orders_for_tag_9767569a-a877-44e0-a60a-5a969ad5be24:duration_seconds:0.000827
2025-04-15 21:50:18,153 - history_trace - DEBUG - bulk_insert_for_tag_9767569a-a877-44e0-a60a-5a969ad5be24:duration_seconds:0.000364
2025-04-15 21:50:18,155 - history_trace - DEBUG - db_op:get_story_order:class:Repository:called_from:the_history_atlas.apps.history.repository.bulk_create_tag_instances:duration_seconds:0.001504
2025-04-15 21:50:18,155 - history_trace - DEBUG - get_story_order_for_tag_50da54bd-d15a-4b5b-bdf3-34a8f659fad3:duration_seconds:0.001554
2025-04-15 21:50:18,155 - history_trace - DEBUG - db_op:update_story_orders:class:Repository:called_from:the_history_atlas.apps.history.repository.bulk_create_tag_instances:duration_seconds:0.000402
2025-04-15 21:50:18,155 - history_trace - DEBUG - update_story_orders_for_tag_50da54bd-d15a-4b5b-bdf3-34a8f659fad3:duration_seconds:0.000448
2025-04-15 21:50:18,156 - history_trace - DEBUG - bulk_insert_for_tag_50da54bd-d15a-4b5b-bdf3-34a8f659fad3:duration_seconds:0.000376
2025-04-15 21:50:18,156 - history_trace - DEBUG - db_op:bulk_create_tag_instances:class:Repository:called_from:the_history_atlas.apps.history.history_app.create_wikidata_event:duration_seconds:0.013522
2025-04-15 21:50:18,156 - history_trace - DEBUG - create_tag_instances:duration_seconds:0.013560
2025-04-15 21:50:18,156 - history_trace - DEBUG - commit_transaction:duration_seconds:0.000644
2025-04-15 21:50:18,156 - history_trace - DEBUG - create_wikidata_event:duration_seconds:0.021011
2025-04-15 21:50:20,018 - history_trace - DEBUG - get_or_create_source:duration_seconds:0.003769
2025-04-15 21:50:20,020 - history_trace - DEBUG - db_op:create_summary:class:Repository:called_from:the_history_atlas.apps.history.history_app.create_wikidata_event:duration_seconds:0.002459
2025-04-15 21:50:20,020 - history_trace - DEBUG - create_summary:duration_seconds:0.002552
2025-04-15 21:50:20,021 - history_trace - DEBUG - db_op:create_citation_complete:class:Repository:called_from:the_history_atlas.apps.history.history_app.create_wikidata_event:duration_seconds:0.000864
2025-04-15 21:50:20,021 - history_trace - DEBUG - create_citation:duration_seconds:0.000970
2025-04-15 21:50:20,022 - history_trace - DEBUG - get_time_and_precision:duration_seconds:0.000820
2025-04-15 21:50:20,026 - history_trace - DEBUG - db_op:get_story_order:class:Repository:called_from:the_history_atlas.apps.history.repository.bulk_create_tag_instances:duration_seconds:0.003765
2025-04-15 21:50:20,026 - history_trace - DEBUG - get_story_order_for_tag_f08bf4ef-caa8-4e0d-89c4-4f1c74cec87b:duration_seconds:0.003857
2025-04-15 21:50:20,027 - history_trace - DEBUG - db_op:update_story_orders:class:Repository:called_from:the_history_atlas.apps.history.repository.bulk_create_tag_instances:duration_seconds:0.000964
2025-04-15 21:50:20,027 - history_trace - DEBUG - update_story_orders_for_tag_f08bf4ef-caa8-4e0d-89c4-4f1c74cec87b:duration_seconds:0.001024
2025-04-15 21:50:20,028 - history_trace - DEBUG - bulk_insert_for_tag_f08bf4ef-caa8-4e0d-89c4-4f1c74cec87b:duration_seconds:0.000730
2025-04-15 21:50:20,031 - history_trace - DEBUG - db_op:get_story_order:class:Repository:called_from:the_history_atlas.apps.history.repository.bulk_create_tag_instances:duration_seconds:0.002472
2025-04-15 21:50:20,031 - history_trace - DEBUG - get_story_order_for_tag_b76aebc8-f4e8-4b7e-abb3-6ab17f5fa5bf:duration_seconds:0.002540
2025-04-15 21:50:20,031 - history_trace - DEBUG - db_op:update_story_orders:class:Repository:called_from:the_history_atlas.apps.history.repository.bulk_create_tag_instances:duration_seconds:0.000630
2025-04-15 21:50:20,031 - history_trace - DEBUG - update_story_orders_for_tag_b76aebc8-f4e8-4b7e-abb3-6ab17f5fa5bf:duration_seconds:0.000689
2025-04-15 21:50:20,032 - history_trace - DEBUG - bulk_insert_for_tag_b76aebc8-f4e8-4b7e-abb3-6ab17f5fa5bf:duration_seconds:0.000670
2025-04-15 21:50:20,035 - history_trace - DEBUG - db_op:get_story_order:class:Repository:called_from:the_history_atlas.apps.history.repository.bulk_create_tag_instances:duration_seconds:0.002411
2025-04-15 21:50:20,035 - history_trace - DEBUG - get_story_order_for_tag_8fef5412-65d1-41d2-a539-3789d6786ae5:duration_seconds:0.002495
2025-04-15 21:50:20,035 - history_trace - DEBUG - db_op:update_story_orders:class:Repository:called_from:the_history_atlas.apps.history.repository.bulk_create_tag_instances:duration_seconds:0.000469
2025-04-15 21:50:20,035 - history_trace - DEBUG - update_story_orders_for_tag_8fef5412-65d1-41d2-a539-3789d6786ae5:duration_seconds:0.000533
2025-04-15 21:50:20,036 - history_trace - DEBUG - bulk_insert_for_tag_8fef5412-65d1-41d2-a539-3789d6786ae5:duration_seconds:0.000519
2025-04-15 21:50:20,038 - history_trace - DEBUG - db_op:get_story_order:class:Repository:called_from:the_history_atlas.apps.history.repository.bulk_create_tag_instances:duration_seconds:0.001458
2025-04-15 21:50:20,038 - history_trace - DEBUG - get_story_order_for_tag_e7a066f9-3eed-41ac-a672-914e1e70fbf2:duration_seconds:0.001523
2025-04-15 21:50:20,038 - history_trace - DEBUG - db_op:update_story_orders:class:Repository:called_from:the_history_atlas.apps.history.repository.bulk_create_tag_instances:duration_seconds:0.000496
2025-04-15 21:50:20,038 - history_trace - DEBUG - update_story_orders_for_tag_e7a066f9-3eed-41ac-a672-914e1e70fbf2:duration_seconds:0.000557
2025-04-15 21:50:20,039 - history_trace - DEBUG - bulk_insert_for_tag_e7a066f9-3eed-41ac-a672-914e1e70fbf2:duration_seconds:0.000765
2025-04-15 21:50:20,042 - history_trace - DEBUG - db_op:get_story_order:class:Repository:called_from:the_history_atlas.apps.history.repository.bulk_create_tag_instances:duration_seconds:0.002607
2025-04-15 21:50:20,042 - history_trace - DEBUG - get_story_order_for_tag_14ee78d7-9090-461e-b4d7-fcedd18bdb81:duration_seconds:0.002671
2025-04-15 21:50:20,042 - history_trace - DEBUG - db_op:update_story_orders:class:Repository:called_from:the_history_atlas.apps.history.repository.bulk_create_tag_instances:duration_seconds:0.000606
2025-04-15 21:50:20,042 - history_trace - DEBUG - update_story_orders_for_tag_14ee78d7-9090-461e-b4d7-fcedd18bdb81:duration_seconds:0.000671
2025-04-15 21:50:20,043 - history_trace - DEBUG - bulk_insert_for_tag_14ee78d7-9090-461e-b4d7-fcedd18bdb81:duration_seconds:0.000569
2025-04-15 21:50:20,043 - history_trace - DEBUG - db_op:bulk_create_tag_instances:class:Repository:called_from:the_history_atlas.apps.history.history_app.create_wikidata_event:duration_seconds:0.020981
2025-04-15 21:50:20,043 - history_trace - DEBUG - create_tag_instances:duration_seconds:0.021053
2025-04-15 21:50:20,044 - history_trace - DEBUG - commit_transaction:duration_seconds:0.001088
2025-04-15 21:50:20,045 - history_trace - DEBUG - create_wikidata_event:duration_seconds:0.030827
2025-04-15 21:50:21,572 - history_trace - DEBUG - get_or_create_source:duration_seconds:0.000624
2025-04-15 21:50:21,573 - history_trace - DEBUG - db_op:create_summary:class:Repository:called_from:the_history_atlas.apps.history.history_app.create_wikidata_event:duration_seconds:0.001014
2025-04-15 21:50:21,573 - history_trace - DEBUG - create_summary:duration_seconds:0.001103
2025-04-15 21:50:21,575 - history_trace - DEBUG - db_op:create_citation_complete:class:Repository:called_from:the_history_atlas.apps.history.history_app.create_wikidata_event:duration_seconds:0.001543
2025-04-15 21:50:21,575 - history_trace - DEBUG - create_citation:duration_seconds:0.001633
2025-04-15 21:50:21,576 - history_trace - DEBUG - get_time_and_precision:duration_seconds:0.000762
2025-04-15 21:50:21,577 - history_trace - DEBUG - db_op:get_story_order:class:Repository:called_from:the_history_atlas.apps.history.repository.bulk_create_tag_instances:duration_seconds:0.001637
2025-04-15 21:50:21,577 - history_trace - DEBUG - get_story_order_for_tag_ba2685c9-27b1-454a-92dd-5f9921d98f01:duration_seconds:0.001682
2025-04-15 21:50:21,578 - history_trace - DEBUG - db_op:update_story_orders:class:Repository:called_from:the_history_atlas.apps.history.repository.bulk_create_tag_instances:duration_seconds:0.000447
2025-04-15 21:50:21,578 - history_trace - DEBUG - update_story_orders_for_tag_ba2685c9-27b1-454a-92dd-5f9921d98f01:duration_seconds:0.000495
2025-04-15 21:50:21,579 - history_trace - DEBUG - bulk_insert_for_tag_ba2685c9-27b1-454a-92dd-5f9921d98f01:duration_seconds:0.000954
2025-04-15 21:50:21,582 - history_trace - DEBUG - db_op:get_story_order:class:Repository:called_from:the_history_atlas.apps.history.repository.bulk_create_tag_instances:duration_seconds:0.003043
2025-04-15 21:50:21,582 - history_trace - DEBUG - get_story_order_for_tag_9767569a-a877-44e0-a60a-5a969ad5be24:duration_seconds:0.003086
2025-04-15 21:50:21,585 - history_trace - DEBUG - db_op:update_story_orders:class:Repository:called_from:the_history_atlas.apps.history.repository.bulk_create_tag_instances:duration_seconds:0.002938
2025-04-15 21:50:21,585 - history_trace - DEBUG - update_story_orders_for_tag_9767569a-a877-44e0-a60a-5a969ad5be24:duration_seconds:0.002991
2025-04-15 21:50:21,586 - history_trace - DEBUG - bulk_insert_for_tag_9767569a-a877-44e0-a60a-5a969ad5be24:duration_seconds:0.000364
2025-04-15 21:50:21,588 - history_trace - DEBUG - db_op:get_story_order:class:Repository:called_from:the_history_atlas.apps.history.repository.bulk_create_tag_instances:duration_seconds:0.002006
2025-04-15 21:50:21,588 - history_trace - DEBUG - get_story_order_for_tag_ad5bd47a-e4e0-4d67-8683-12578183ad13:duration_seconds:0.002041
2025-04-15 21:50:21,588 - history_trace - DEBUG - db_op:update_story_orders:class:Repository:called_from:the_history_atlas.apps.history.repository.bulk_create_tag_instances:duration_seconds:0.000427
2025-04-15 21:50:21,588 - history_trace - DEBUG - update_story_orders_for_tag_ad5bd47a-e4e0-4d67-8683-12578183ad13:duration_seconds:0.000458
2025-04-15 21:50:21,588 - history_trace - DEBUG - bulk_insert_for_tag_ad5bd47a-e4e0-4d67-8683-12578183ad13:duration_seconds:0.000339
2025-04-15 21:50:21,589 - history_trace - DEBUG - db_op:bulk_create_tag_instances:class:Repository:called_from:the_history_atlas.apps.history.history_app.create_wikidata_event:duration_seconds:0.012847
2025-04-15 21:50:21,589 - history_trace - DEBUG - create_tag_instances:duration_seconds:0.012876
2025-04-15 21:50:21,589 - history_trace - DEBUG - commit_transaction:duration_seconds:0.000501
2025-04-15 21:50:21,589 - history_trace - DEBUG - create_wikidata_event:duration_seconds:0.017990
2025-04-15 21:50:24,070 - history_trace - DEBUG - get_or_create_source:duration_seconds:0.000952
2025-04-15 21:50:24,072 - history_trace - DEBUG - db_op:create_summary:class:Repository:called_from:the_history_atlas.apps.history.history_app.create_wikidata_event:duration_seconds:0.001789
2025-04-15 21:50:24,072 - history_trace - DEBUG - create_summary:duration_seconds:0.001872
2025-04-15 21:50:24,073 - history_trace - DEBUG - db_op:create_citation_complete:class:Repository:called_from:the_history_atlas.apps.history.history_app.create_wikidata_event:duration_seconds:0.000908
2025-04-15 21:50:24,073 - history_trace - DEBUG - create_citation:duration_seconds:0.001001
2025-04-15 21:50:24,074 - history_trace - DEBUG - get_time_and_precision:duration_seconds:0.000839
2025-04-15 21:50:24,078 - history_trace - DEBUG - db_op:get_story_order:class:Repository:called_from:the_history_atlas.apps.history.repository.bulk_create_tag_instances:duration_seconds:0.003768
2025-04-15 21:50:24,078 - history_trace - DEBUG - get_story_order_for_tag_ba2685c9-27b1-454a-92dd-5f9921d98f01:duration_seconds:0.003831
2025-04-15 21:50:24,079 - history_trace - DEBUG - db_op:update_story_orders:class:Repository:called_from:the_history_atlas.apps.history.repository.bulk_create_tag_instances:duration_seconds:0.000963
2025-04-15 21:50:24,079 - history_trace - DEBUG - update_story_orders_for_tag_ba2685c9-27b1-454a-92dd-5f9921d98f01:duration_seconds:0.001024
2025-04-15 21:50:24,080 - history_trace - DEBUG - bulk_insert_for_tag_ba2685c9-27b1-454a-92dd-5f9921d98f01:duration_seconds:0.000601
2025-04-15 21:50:24,084 - history_trace - DEBUG - db_op:get_story_order:class:Repository:called_from:the_history_atlas.apps.history.repository.bulk_create_tag_instances:duration_seconds:0.004476
2025-04-15 21:50:24,084 - history_trace - DEBUG - get_story_order_for_tag_d6d2a3a3-4a99-4c0e-b87a-d2ca98c386ba:duration_seconds:0.004539
2025-04-15 21:50:24,089 - history_trace - DEBUG - db_op:update_story_orders:class:Repository:called_from:the_history_atlas.apps.history.repository.bulk_create_tag_instances:duration_seconds:0.004372
2025-04-15 21:50:24,089 - history_trace - DEBUG - update_story_orders_for_tag_d6d2a3a3-4a99-4c0e-b87a-d2ca98c386ba:duration_seconds:0.004427
2025-04-15 21:50:24,089 - history_trace - DEBUG - bulk_insert_for_tag_d6d2a3a3-4a99-4c0e-b87a-d2ca98c386ba:duration_seconds:0.000559
2025-04-15 21:50:24,093 - history_trace - DEBUG - db_op:get_story_order:class:Repository:called_from:the_history_atlas.apps.history.repository.bulk_create_tag_instances:duration_seconds:0.003233
2025-04-15 21:50:24,093 - history_trace - DEBUG - get_story_order_for_tag_ac421caf-d8a0-4847-8c23-34a99c76bff2:duration_seconds:0.003289
2025-04-15 21:50:24,094 - history_trace - DEBUG - db_op:update_story_orders:class:Repository:called_from:the_history_atlas.apps.history.repository.bulk_create_tag_instances:duration_seconds:0.000752
2025-04-15 21:50:24,094 - history_trace - DEBUG - update_story_orders_for_tag_ac421caf-d8a0-4847-8c23-34a99c76bff2:duration_seconds:0.000803
2025-04-15 21:50:24,094 - history_trace - DEBUG - bulk_insert_for_tag_ac421caf-d8a0-4847-8c23-34a99c76bff2:duration_seconds:0.000630
2025-04-15 21:50:24,094 - history_trace - DEBUG - db_op:bulk_create_tag_instances:class:Repository:called_from:the_history_atlas.apps.history.history_app.create_wikidata_event:duration_seconds:0.020278
2025-04-15 21:50:24,094 - history_trace - DEBUG - create_tag_instances:duration_seconds:0.020321
2025-04-15 21:50:24,095 - history_trace - DEBUG - commit_transaction:duration_seconds:0.000947
2025-04-15 21:50:24,095 - history_trace - DEBUG - create_wikidata_event:duration_seconds:0.026516
2025-04-15 21:50:24,127 - history_trace - DEBUG - get_or_create_source:duration_seconds:0.000800
2025-04-15 21:50:24,131 - history_trace - DEBUG - db_op:create_summary:class:Repository:called_from:the_history_atlas.apps.history.history_app.create_wikidata_event:duration_seconds:0.003291
2025-04-15 21:50:24,131 - history_trace - DEBUG - create_summary:duration_seconds:0.003383
2025-04-15 21:50:24,132 - history_trace - DEBUG - db_op:create_citation_complete:class:Repository:called_from:the_history_atlas.apps.history.history_app.create_wikidata_event:duration_seconds:0.000921
2025-04-15 21:50:24,132 - history_trace - DEBUG - create_citation:duration_seconds:0.001040
2025-04-15 21:50:24,133 - history_trace - DEBUG - get_time_and_precision:duration_seconds:0.000874
2025-04-15 21:50:24,137 - history_trace - DEBUG - db_op:get_story_order:class:Repository:called_from:the_history_atlas.apps.history.repository.bulk_create_tag_instances:duration_seconds:0.004252
2025-04-15 21:50:24,137 - history_trace - DEBUG - get_story_order_for_tag_ba2685c9-27b1-454a-92dd-5f9921d98f01:duration_seconds:0.004356
2025-04-15 21:50:24,138 - history_trace - DEBUG - db_op:update_story_orders:class:Repository:called_from:the_history_atlas.apps.history.repository.bulk_create_tag_instances:duration_seconds:0.000974
2025-04-15 21:50:24,138 - history_trace - DEBUG - update_story_orders_for_tag_ba2685c9-27b1-454a-92dd-5f9921d98f01:duration_seconds:0.001041
2025-04-15 21:50:24,139 - history_trace - DEBUG - bulk_insert_for_tag_ba2685c9-27b1-454a-92dd-5f9921d98f01:duration_seconds:0.000558
2025-04-15 21:50:24,144 - history_trace - DEBUG - db_op:get_story_order:class:Repository:called_from:the_history_atlas.apps.history.repository.bulk_create_tag_instances:duration_seconds:0.004492
2025-04-15 21:50:24,144 - history_trace - DEBUG - get_story_order_for_tag_d6d2a3a3-4a99-4c0e-b87a-d2ca98c386ba:duration_seconds:0.004556
2025-04-15 21:50:24,148 - history_trace - DEBUG - db_op:update_story_orders:class:Repository:called_from:the_history_atlas.apps.history.repository.bulk_create_tag_instances:duration_seconds:0.003749
2025-04-15 21:50:24,148 - history_trace - DEBUG - update_story_orders_for_tag_d6d2a3a3-4a99-4c0e-b87a-d2ca98c386ba:duration_seconds:0.003804
2025-04-15 21:50:24,150 - history_trace - DEBUG - bulk_insert_for_tag_d6d2a3a3-4a99-4c0e-b87a-d2ca98c386ba:duration_seconds:0.002571
2025-04-15 21:50:24,152 - history_trace - DEBUG - db_op:get_story_order:class:Repository:called_from:the_history_atlas.apps.history.repository.bulk_create_tag_instances:duration_seconds:0.001769
2025-04-15 21:50:24,152 - history_trace - DEBUG - get_story_order_for_tag_dc73889d-563f-4777-9787-5f1f1671a456:duration_seconds:0.001830
2025-04-15 21:50:24,153 - history_trace - DEBUG - db_op:update_story_orders:class:Repository:called_from:the_history_atlas.apps.history.repository.bulk_create_tag_instances:duration_seconds:0.000452
2025-04-15 21:50:24,153 - history_trace - DEBUG - update_story_orders_for_tag_dc73889d-563f-4777-9787-5f1f1671a456:duration_seconds:0.000504
2025-04-15 21:50:24,153 - history_trace - DEBUG - bulk_insert_for_tag_dc73889d-563f-4777-9787-5f1f1671a456:duration_seconds:0.000474
2025-04-15 21:50:24,153 - history_trace - DEBUG - db_op:bulk_create_tag_instances:class:Repository:called_from:the_history_atlas.apps.history.history_app.create_wikidata_event:duration_seconds:0.020325
2025-04-15 21:50:24,153 - history_trace - DEBUG - create_tag_instances:duration_seconds:0.020375
2025-04-15 21:50:24,155 - history_trace - DEBUG - commit_transaction:duration_seconds:0.001937
2025-04-15 21:50:24,155 - history_trace - DEBUG - create_wikidata_event:duration_seconds:0.028923
2025-04-15 21:50:24,195 - history_trace - DEBUG - get_or_create_source:duration_seconds:0.000735
2025-04-15 21:50:24,197 - history_trace - DEBUG - db_op:create_summary:class:Repository:called_from:the_history_atlas.apps.history.history_app.create_wikidata_event:duration_seconds:0.001519
2025-04-15 21:50:24,197 - history_trace - DEBUG - create_summary:duration_seconds:0.001600
2025-04-15 21:50:24,198 - history_trace - DEBUG - db_op:create_citation_complete:class:Repository:called_from:the_history_atlas.apps.history.history_app.create_wikidata_event:duration_seconds:0.000759
2025-04-15 21:50:24,198 - history_trace - DEBUG - create_citation:duration_seconds:0.000855
2025-04-15 21:50:24,199 - history_trace - DEBUG - get_time_and_precision:duration_seconds:0.000859
2025-04-15 21:50:24,206 - history_trace - DEBUG - db_op:get_story_order:class:Repository:called_from:the_history_atlas.apps.history.repository.bulk_create_tag_instances:duration_seconds:0.006767
2025-04-15 21:50:24,206 - history_trace - DEBUG - get_story_order_for_tag_ba2685c9-27b1-454a-92dd-5f9921d98f01:duration_seconds:0.006891
2025-04-15 21:50:24,207 - history_trace - DEBUG - db_op:update_story_orders:class:Repository:called_from:the_history_atlas.apps.history.repository.bulk_create_tag_instances:duration_seconds:0.000925
2025-04-15 21:50:24,207 - history_trace - DEBUG - update_story_orders_for_tag_ba2685c9-27b1-454a-92dd-5f9921d98f01:duration_seconds:0.000991
2025-04-15 21:50:24,207 - history_trace - DEBUG - bulk_insert_for_tag_ba2685c9-27b1-454a-92dd-5f9921d98f01:duration_seconds:0.000448
2025-04-15 21:50:24,210 - history_trace - DEBUG - db_op:get_story_order:class:Repository:called_from:the_history_atlas.apps.history.repository.bulk_create_tag_instances:duration_seconds:0.002792
2025-04-15 21:50:24,210 - history_trace - DEBUG - get_story_order_for_tag_d6d2a3a3-4a99-4c0e-b87a-d2ca98c386ba:duration_seconds:0.002874
2025-04-15 21:50:24,212 - history_trace - DEBUG - db_op:update_story_orders:class:Repository:called_from:the_history_atlas.apps.history.repository.bulk_create_tag_instances:duration_seconds:0.001746
2025-04-15 21:50:24,212 - history_trace - DEBUG - update_story_orders_for_tag_d6d2a3a3-4a99-4c0e-b87a-d2ca98c386ba:duration_seconds:0.001802
2025-04-15 21:50:24,213 - history_trace - DEBUG - bulk_insert_for_tag_d6d2a3a3-4a99-4c0e-b87a-d2ca98c386ba:duration_seconds:0.000467
2025-04-15 21:50:24,216 - history_trace - DEBUG - db_op:get_story_order:class:Repository:called_from:the_history_atlas.apps.history.repository.bulk_create_tag_instances:duration_seconds:0.003068
2025-04-15 21:50:24,216 - history_trace - DEBUG - get_story_order_for_tag_98b91732-756c-4671-bd8a-852e7a9b288c:duration_seconds:0.003127
2025-04-15 21:50:24,217 - history_trace - DEBUG - db_op:update_story_orders:class:Repository:called_from:the_history_atlas.apps.history.repository.bulk_create_tag_instances:duration_seconds:0.000619
2025-04-15 21:50:24,217 - history_trace - DEBUG - update_story_orders_for_tag_98b91732-756c-4671-bd8a-852e7a9b288c:duration_seconds:0.000722
2025-04-15 21:50:24,217 - history_trace - DEBUG - bulk_insert_for_tag_98b91732-756c-4671-bd8a-852e7a9b288c:duration_seconds:0.000639
2025-04-15 21:50:24,217 - history_trace - DEBUG - db_op:bulk_create_tag_instances:class:Repository:called_from:the_history_atlas.apps.history.history_app.create_wikidata_event:duration_seconds:0.018686
2025-04-15 21:50:24,217 - history_trace - DEBUG - create_tag_instances:duration_seconds:0.018732
2025-04-15 21:50:24,218 - history_trace - DEBUG - commit_transaction:duration_seconds:0.000806
2025-04-15 21:50:24,218 - history_trace - DEBUG - create_wikidata_event:duration_seconds:0.024100
2025-04-15 21:50:24,248 - history_trace - DEBUG - get_or_create_source:duration_seconds:0.000924
2025-04-15 21:50:24,250 - history_trace - DEBUG - db_op:create_summary:class:Repository:called_from:the_history_atlas.apps.history.history_app.create_wikidata_event:duration_seconds:0.001652
2025-04-15 21:50:24,250 - history_trace - DEBUG - create_summary:duration_seconds:0.001748
2025-04-15 21:50:24,251 - history_trace - DEBUG - db_op:create_citation_complete:class:Repository:called_from:the_history_atlas.apps.history.history_app.create_wikidata_event:duration_seconds:0.000663
2025-04-15 21:50:24,251 - history_trace - DEBUG - create_citation:duration_seconds:0.000754
2025-04-15 21:50:24,252 - history_trace - DEBUG - get_time_and_precision:duration_seconds:0.001087
2025-04-15 21:50:24,256 - history_trace - DEBUG - db_op:get_story_order:class:Repository:called_from:the_history_atlas.apps.history.repository.bulk_create_tag_instances:duration_seconds:0.003907
2025-04-15 21:50:24,256 - history_trace - DEBUG - get_story_order_for_tag_ba2685c9-27b1-454a-92dd-5f9921d98f01:duration_seconds:0.004016
2025-04-15 21:50:24,257 - history_trace - DEBUG - db_op:update_story_orders:class:Repository:called_from:the_history_atlas.apps.history.repository.bulk_create_tag_instances:duration_seconds:0.001044
2025-04-15 21:50:24,257 - history_trace - DEBUG - update_story_orders_for_tag_ba2685c9-27b1-454a-92dd-5f9921d98f01:duration_seconds:0.001124
2025-04-15 21:50:24,258 - history_trace - DEBUG - bulk_insert_for_tag_ba2685c9-27b1-454a-92dd-5f9921d98f01:duration_seconds:0.000363
2025-04-15 21:50:24,262 - history_trace - DEBUG - db_op:get_story_order:class:Repository:called_from:the_history_atlas.apps.history.repository.bulk_create_tag_instances:duration_seconds:0.003853
2025-04-15 21:50:24,262 - history_trace - DEBUG - get_story_order_for_tag_d6d2a3a3-4a99-4c0e-b87a-d2ca98c386ba:duration_seconds:0.003946
2025-04-15 21:50:24,263 - history_trace - DEBUG - db_op:update_story_orders:class:Repository:called_from:the_history_atlas.apps.history.repository.bulk_create_tag_instances:duration_seconds:0.001648
2025-04-15 21:50:24,264 - history_trace - DEBUG - update_story_orders_for_tag_d6d2a3a3-4a99-4c0e-b87a-d2ca98c386ba:duration_seconds:0.001731
2025-04-15 21:50:24,264 - history_trace - DEBUG - bulk_insert_for_tag_d6d2a3a3-4a99-4c0e-b87a-d2ca98c386ba:duration_seconds:0.000360
2025-04-15 21:50:24,266 - history_trace - DEBUG - db_op:get_story_order:class:Repository:called_from:the_history_atlas.apps.history.repository.bulk_create_tag_instances:duration_seconds:0.001846
2025-04-15 21:50:24,266 - history_trace - DEBUG - get_story_order_for_tag_b0c51000-f384-4e36-9854-aede4e59580a:duration_seconds:0.001896
2025-04-15 21:50:24,266 - history_trace - DEBUG - db_op:update_story_orders:class:Repository:called_from:the_history_atlas.apps.history.repository.bulk_create_tag_instances:duration_seconds:0.000504
2025-04-15 21:50:24,266 - history_trace - DEBUG - update_story_orders_for_tag_b0c51000-f384-4e36-9854-aede4e59580a:duration_seconds:0.000543
2025-04-15 21:50:24,267 - history_trace - DEBUG - bulk_insert_for_tag_b0c51000-f384-4e36-9854-aede4e59580a:duration_seconds:0.000366
2025-04-15 21:50:24,267 - history_trace - DEBUG - db_op:bulk_create_tag_instances:class:Repository:called_from:the_history_atlas.apps.history.history_app.create_wikidata_event:duration_seconds:0.014939
2025-04-15 21:50:24,267 - history_trace - DEBUG - create_tag_instances:duration_seconds:0.014976
2025-04-15 21:50:24,268 - history_trace - DEBUG - commit_transaction:duration_seconds:0.000654
2025-04-15 21:50:24,268 - history_trace - DEBUG - create_wikidata_event:duration_seconds:0.020728
2025-04-15 21:50:26,587 - history_trace - DEBUG - get_or_create_source:duration_seconds:0.000833
2025-04-15 21:50:26,589 - history_trace - DEBUG - db_op:create_summary:class:Repository:called_from:the_history_atlas.apps.history.history_app.create_wikidata_event:duration_seconds:0.001689
2025-04-15 21:50:26,589 - history_trace - DEBUG - create_summary:duration_seconds:0.001766
2025-04-15 21:50:26,590 - history_trace - DEBUG - db_op:create_citation_complete:class:Repository:called_from:the_history_atlas.apps.history.history_app.create_wikidata_event:duration_seconds:0.000747
2025-04-15 21:50:26,590 - history_trace - DEBUG - create_citation:duration_seconds:0.000837
2025-04-15 21:50:26,591 - history_trace - DEBUG - get_time_and_precision:duration_seconds:0.000894
2025-04-15 21:50:26,597 - history_trace - DEBUG - db_op:get_story_order:class:Repository:called_from:the_history_atlas.apps.history.repository.bulk_create_tag_instances:duration_seconds:0.005261
2025-04-15 21:50:26,597 - history_trace - DEBUG - get_story_order_for_tag_ba2685c9-27b1-454a-92dd-5f9921d98f01:duration_seconds:0.005317
2025-04-15 21:50:26,598 - history_trace - DEBUG - db_op:update_story_orders:class:Repository:called_from:the_history_atlas.apps.history.repository.bulk_create_tag_instances:duration_seconds:0.001782
2025-04-15 21:50:26,598 - history_trace - DEBUG - update_story_orders_for_tag_ba2685c9-27b1-454a-92dd-5f9921d98f01:duration_seconds:0.001830
2025-04-15 21:50:26,599 - history_trace - DEBUG - bulk_insert_for_tag_ba2685c9-27b1-454a-92dd-5f9921d98f01:duration_seconds:0.000563
2025-04-15 21:50:26,604 - history_trace - DEBUG - db_op:get_story_order:class:Repository:called_from:the_history_atlas.apps.history.repository.bulk_create_tag_instances:duration_seconds:0.004654
2025-04-15 21:50:26,604 - history_trace - DEBUG - get_story_order_for_tag_ae80d2cf-b307-47de-ac34-51fdeaa7b573:duration_seconds:0.004754
2025-04-15 21:50:26,605 - history_trace - DEBUG - db_op:update_story_orders:class:Repository:called_from:the_history_atlas.apps.history.repository.bulk_create_tag_instances:duration_seconds:0.000649
2025-04-15 21:50:26,605 - history_trace - DEBUG - update_story_orders_for_tag_ae80d2cf-b307-47de-ac34-51fdeaa7b573:duration_seconds:0.000703
2025-04-15 21:50:26,605 - history_trace - DEBUG - bulk_insert_for_tag_ae80d2cf-b307-47de-ac34-51fdeaa7b573:duration_seconds:0.000561
2025-04-15 21:50:26,608 - history_trace - DEBUG - db_op:get_story_order:class:Repository:called_from:the_history_atlas.apps.history.repository.bulk_create_tag_instances:duration_seconds:0.002795
2025-04-15 21:50:26,608 - history_trace - DEBUG - get_story_order_for_tag_8fc2310a-5d99-4bdd-a22f-bd8f876af437:duration_seconds:0.002846
2025-04-15 21:50:26,609 - history_trace - DEBUG - db_op:update_story_orders:class:Repository:called_from:the_history_atlas.apps.history.repository.bulk_create_tag_instances:duration_seconds:0.000640
2025-04-15 21:50:26,609 - history_trace - DEBUG - update_story_orders_for_tag_8fc2310a-5d99-4bdd-a22f-bd8f876af437:duration_seconds:0.000682
2025-04-15 21:50:26,610 - history_trace - DEBUG - bulk_insert_for_tag_8fc2310a-5d99-4bdd-a22f-bd8f876af437:duration_seconds:0.000582
2025-04-15 21:50:26,613 - history_trace - DEBUG - db_op:get_story_order:class:Repository:called_from:the_history_atlas.apps.history.repository.bulk_create_tag_instances:duration_seconds:0.003214
2025-04-15 21:50:26,613 - history_trace - DEBUG - get_story_order_for_tag_54fe0509-282e-4506-ac89-0debb3a9f9ef:duration_seconds:0.003264
2025-04-15 21:50:26,614 - history_trace - DEBUG - db_op:update_story_orders:class:Repository:called_from:the_history_atlas.apps.history.repository.bulk_create_tag_instances:duration_seconds:0.000575
2025-04-15 21:50:26,614 - history_trace - DEBUG - update_story_orders_for_tag_54fe0509-282e-4506-ac89-0debb3a9f9ef:duration_seconds:0.000619
2025-04-15 21:50:26,614 - history_trace - DEBUG - bulk_insert_for_tag_54fe0509-282e-4506-ac89-0debb3a9f9ef:duration_seconds:0.000529
2025-04-15 21:50:26,617 - history_trace - DEBUG - db_op:get_story_order:class:Repository:called_from:the_history_atlas.apps.history.repository.bulk_create_tag_instances:duration_seconds:0.002840
2025-04-15 21:50:26,617 - history_trace - DEBUG - get_story_order_for_tag_ac5c09d1-775b-43b4-8696-e1a869d56519:duration_seconds:0.002882
2025-04-15 21:50:26,618 - history_trace - DEBUG - db_op:update_story_orders:class:Repository:called_from:the_history_atlas.apps.history.repository.bulk_create_tag_instances:duration_seconds:0.000640
2025-04-15 21:50:26,618 - history_trace - DEBUG - update_story_orders_for_tag_ac5c09d1-775b-43b4-8696-e1a869d56519:duration_seconds:0.000681
2025-04-15 21:50:26,620 - history_trace - DEBUG - bulk_insert_for_tag_ac5c09d1-775b-43b4-8696-e1a869d56519:duration_seconds:0.002070
2025-04-15 21:50:26,620 - history_trace - DEBUG - db_op:bulk_create_tag_instances:class:Repository:called_from:the_history_atlas.apps.history.history_app.create_wikidata_event:duration_seconds:0.028724
2025-04-15 21:50:26,620 - history_trace - DEBUG - create_tag_instances:duration_seconds:0.028772
2025-04-15 21:50:26,627 - history_trace - DEBUG - commit_transaction:duration_seconds:0.006493
2025-04-15 21:50:26,627 - history_trace - DEBUG - create_wikidata_event:duration_seconds:0.040318
2025-04-15 21:50:29,970 - history_trace - DEBUG - get_or_create_source:duration_seconds:0.000910
2025-04-15 21:50:29,972 - history_trace - DEBUG - db_op:create_summary:class:Repository:called_from:the_history_atlas.apps.history.history_app.create_wikidata_event:duration_seconds:0.002059
2025-04-15 21:50:29,972 - history_trace - DEBUG - create_summary:duration_seconds:0.002163
2025-04-15 21:50:29,973 - history_trace - DEBUG - db_op:create_citation_complete:class:Repository:called_from:the_history_atlas.apps.history.history_app.create_wikidata_event:duration_seconds:0.000761
2025-04-15 21:50:29,973 - history_trace - DEBUG - create_citation:duration_seconds:0.000889
2025-04-15 21:50:29,975 - history_trace - DEBUG - get_time_and_precision:duration_seconds:0.001295
2025-04-15 21:50:29,978 - history_trace - DEBUG - db_op:get_story_order:class:Repository:called_from:the_history_atlas.apps.history.repository.bulk_create_tag_instances:duration_seconds:0.002622
2025-04-15 21:50:29,978 - history_trace - DEBUG - get_story_order_for_tag_af291111-b036-42d8-81af-d6987c6a58aa:duration_seconds:0.002681
2025-04-15 21:50:29,978 - history_trace - DEBUG - db_op:update_story_orders:class:Repository:called_from:the_history_atlas.apps.history.repository.bulk_create_tag_instances:duration_seconds:0.000756
2025-04-15 21:50:29,978 - history_trace - DEBUG - update_story_orders_for_tag_af291111-b036-42d8-81af-d6987c6a58aa:duration_seconds:0.000809
2025-04-15 21:50:29,979 - history_trace - DEBUG - bulk_insert_for_tag_af291111-b036-42d8-81af-d6987c6a58aa:duration_seconds:0.000620
2025-04-15 21:50:29,982 - history_trace - DEBUG - db_op:get_story_order:class:Repository:called_from:the_history_atlas.apps.history.repository.bulk_create_tag_instances:duration_seconds:0.002642
2025-04-15 21:50:29,982 - history_trace - DEBUG - get_story_order_for_tag_f68162fe-3355-49bb-8547-2feac2d72a65:duration_seconds:0.002698
2025-04-15 21:50:29,983 - history_trace - DEBUG - db_op:update_story_orders:class:Repository:called_from:the_history_atlas.apps.history.repository.bulk_create_tag_instances:duration_seconds:0.000587
2025-04-15 21:50:29,983 - history_trace - DEBUG - update_story_orders_for_tag_f68162fe-3355-49bb-8547-2feac2d72a65:duration_seconds:0.000637
2025-04-15 21:50:29,983 - history_trace - DEBUG - bulk_insert_for_tag_f68162fe-3355-49bb-8547-2feac2d72a65:duration_seconds:0.000544
2025-04-15 21:50:29,987 - history_trace - DEBUG - db_op:get_story_order:class:Repository:called_from:the_history_atlas.apps.history.repository.bulk_create_tag_instances:duration_seconds:0.003529
2025-04-15 21:50:29,987 - history_trace - DEBUG - get_story_order_for_tag_562f71ac-9c01-428c-91ec-2ebeb2665e99:duration_seconds:0.003585
2025-04-15 21:50:29,988 - history_trace - DEBUG - db_op:update_story_orders:class:Repository:called_from:the_history_atlas.apps.history.repository.bulk_create_tag_instances:duration_seconds:0.000710
2025-04-15 21:50:29,988 - history_trace - DEBUG - update_story_orders_for_tag_562f71ac-9c01-428c-91ec-2ebeb2665e99:duration_seconds:0.000758
2025-04-15 21:50:29,988 - history_trace - DEBUG - bulk_insert_for_tag_562f71ac-9c01-428c-91ec-2ebeb2665e99:duration_seconds:0.000609
2025-04-15 21:50:29,988 - history_trace - DEBUG - db_op:bulk_create_tag_instances:class:Repository:called_from:the_history_atlas.apps.history.history_app.create_wikidata_event:duration_seconds:0.013564
2025-04-15 21:50:29,988 - history_trace - DEBUG - create_tag_instances:duration_seconds:0.013613
2025-04-15 21:50:29,989 - history_trace - DEBUG - commit_transaction:duration_seconds:0.000756
2025-04-15 21:50:29,989 - history_trace - DEBUG - create_wikidata_event:duration_seconds:0.020468
2025-04-15 21:50:31,796 - history_trace - DEBUG - get_or_create_source:duration_seconds:0.000656
2025-04-15 21:50:31,797 - history_trace - DEBUG - db_op:create_summary:class:Repository:called_from:the_history_atlas.apps.history.history_app.create_wikidata_event:duration_seconds:0.001354
2025-04-15 21:50:31,797 - history_trace - DEBUG - create_summary:duration_seconds:0.001414
2025-04-15 21:50:31,798 - history_trace - DEBUG - db_op:create_citation_complete:class:Repository:called_from:the_history_atlas.apps.history.history_app.create_wikidata_event:duration_seconds:0.000595
2025-04-15 21:50:31,798 - history_trace - DEBUG - create_citation:duration_seconds:0.000666
2025-04-15 21:50:31,799 - history_trace - DEBUG - get_time_and_precision:duration_seconds:0.000842
2025-04-15 21:50:31,804 - history_trace - DEBUG - db_op:get_story_order:class:Repository:called_from:the_history_atlas.apps.history.repository.bulk_create_tag_instances:duration_seconds:0.004346
2025-04-15 21:50:31,804 - history_trace - DEBUG - get_story_order_for_tag_af291111-b036-42d8-81af-d6987c6a58aa:duration_seconds:0.004417
2025-04-15 21:50:31,805 - history_trace - DEBUG - db_op:update_story_orders:class:Repository:called_from:the_history_atlas.apps.history.repository.bulk_create_tag_instances:duration_seconds:0.001617
2025-04-15 21:50:31,805 - history_trace - DEBUG - update_story_orders_for_tag_af291111-b036-42d8-81af-d6987c6a58aa:duration_seconds:0.001666
2025-04-15 21:50:31,806 - history_trace - DEBUG - bulk_insert_for_tag_af291111-b036-42d8-81af-d6987c6a58aa:duration_seconds:0.000729
2025-04-15 21:50:31,808 - history_trace - DEBUG - db_op:get_story_order:class:Repository:called_from:the_history_atlas.apps.history.repository.bulk_create_tag_instances:duration_seconds:0.001651
2025-04-15 21:50:31,808 - history_trace - DEBUG - get_story_order_for_tag_232debca-5b98-4b0f-8d39-76d7a6317237:duration_seconds:0.001701
2025-04-15 21:50:31,808 - history_trace - DEBUG - db_op:update_story_orders:class:Repository:called_from:the_history_atlas.apps.history.repository.bulk_create_tag_instances:duration_seconds:0.000361
2025-04-15 21:50:31,808 - history_trace - DEBUG - update_story_orders_for_tag_232debca-5b98-4b0f-8d39-76d7a6317237:duration_seconds:0.000397
2025-04-15 21:50:31,809 - history_trace - DEBUG - bulk_insert_for_tag_232debca-5b98-4b0f-8d39-76d7a6317237:duration_seconds:0.000406
2025-04-15 21:50:31,815 - history_trace - DEBUG - db_op:get_story_order:class:Repository:called_from:the_history_atlas.apps.history.repository.bulk_create_tag_instances:duration_seconds:0.005702
2025-04-15 21:50:31,815 - history_trace - DEBUG - get_story_order_for_tag_4da9cd1b-6c4e-4403-adf8-8e7fecb3d572:duration_seconds:0.005757
2025-04-15 21:50:31,815 - history_trace - DEBUG - db_op:update_story_orders:class:Repository:called_from:the_history_atlas.apps.history.repository.bulk_create_tag_instances:duration_seconds:0.000503
2025-04-15 21:50:31,815 - history_trace - DEBUG - update_story_orders_for_tag_4da9cd1b-6c4e-4403-adf8-8e7fecb3d572:duration_seconds:0.000543
2025-04-15 21:50:31,816 - history_trace - DEBUG - bulk_insert_for_tag_4da9cd1b-6c4e-4403-adf8-8e7fecb3d572:duration_seconds:0.000437
2025-04-15 21:50:31,816 - history_trace - DEBUG - db_op:bulk_create_tag_instances:class:Repository:called_from:the_history_atlas.apps.history.history_app.create_wikidata_event:duration_seconds:0.016541
2025-04-15 21:50:31,816 - history_trace - DEBUG - create_tag_instances:duration_seconds:0.016575
2025-04-15 21:50:31,816 - history_trace - DEBUG - commit_transaction:duration_seconds:0.000665
2025-04-15 21:50:31,816 - history_trace - DEBUG - create_wikidata_event:duration_seconds:0.021250
2025-04-15 21:50:32,093 - history_trace - DEBUG - get_or_create_source:duration_seconds:0.000815
2025-04-15 21:50:32,094 - history_trace - DEBUG - db_op:create_summary:class:Repository:called_from:the_history_atlas.apps.history.history_app.create_wikidata_event:duration_seconds:0.001139
2025-04-15 21:50:32,094 - history_trace - DEBUG - create_summary:duration_seconds:0.001220
2025-04-15 21:50:32,095 - history_trace - DEBUG - db_op:create_citation_complete:class:Repository:called_from:the_history_atlas.apps.history.history_app.create_wikidata_event:duration_seconds:0.000677
2025-04-15 21:50:32,095 - history_trace - DEBUG - create_citation:duration_seconds:0.000761
2025-04-15 21:50:32,096 - history_trace - DEBUG - get_time_and_precision:duration_seconds:0.000633
2025-04-15 21:50:32,098 - history_trace - DEBUG - db_op:get_story_order:class:Repository:called_from:the_history_atlas.apps.history.repository.bulk_create_tag_instances:duration_seconds:0.001963
2025-04-15 21:50:32,098 - history_trace - DEBUG - get_story_order_for_tag_af291111-b036-42d8-81af-d6987c6a58aa:duration_seconds:0.002033
2025-04-15 21:50:32,099 - history_trace - DEBUG - db_op:update_story_orders:class:Repository:called_from:the_history_atlas.apps.history.repository.bulk_create_tag_instances:duration_seconds:0.000844
2025-04-15 21:50:32,099 - history_trace - DEBUG - update_story_orders_for_tag_af291111-b036-42d8-81af-d6987c6a58aa:duration_seconds:0.000881
2025-04-15 21:50:32,099 - history_trace - DEBUG - bulk_insert_for_tag_af291111-b036-42d8-81af-d6987c6a58aa:duration_seconds:0.000351
2025-04-15 21:50:32,101 - history_trace - DEBUG - db_op:get_story_order:class:Repository:called_from:the_history_atlas.apps.history.repository.bulk_create_tag_instances:duration_seconds:0.001241
2025-04-15 21:50:32,101 - history_trace - DEBUG - get_story_order_for_tag_93424041-e36c-469e-b0eb-18184142149d:duration_seconds:0.001277
2025-04-15 21:50:32,101 - history_trace - DEBUG - db_op:update_story_orders:class:Repository:called_from:the_history_atlas.apps.history.repository.bulk_create_tag_instances:duration_seconds:0.000323
2025-04-15 21:50:32,101 - history_trace - DEBUG - update_story_orders_for_tag_93424041-e36c-469e-b0eb-18184142149d:duration_seconds:0.000355
2025-04-15 21:50:32,101 - history_trace - DEBUG - bulk_insert_for_tag_93424041-e36c-469e-b0eb-18184142149d:duration_seconds:0.000307
2025-04-15 21:50:32,103 - history_trace - DEBUG - db_op:get_story_order:class:Repository:called_from:the_history_atlas.apps.history.repository.bulk_create_tag_instances:duration_seconds:0.001434
2025-04-15 21:50:32,103 - history_trace - DEBUG - get_story_order_for_tag_78bf6e99-099a-4915-b25a-c247e628f05d:duration_seconds:0.001501
2025-04-15 21:50:32,104 - history_trace - DEBUG - db_op:update_story_orders:class:Repository:called_from:the_history_atlas.apps.history.repository.bulk_create_tag_instances:duration_seconds:0.000427
2025-04-15 21:50:32,104 - history_trace - DEBUG - update_story_orders_for_tag_78bf6e99-099a-4915-b25a-c247e628f05d:duration_seconds:0.000579
2025-04-15 21:50:32,104 - history_trace - DEBUG - bulk_insert_for_tag_78bf6e99-099a-4915-b25a-c247e628f05d:duration_seconds:0.000383
2025-04-15 21:50:32,104 - history_trace - DEBUG - db_op:bulk_create_tag_instances:class:Repository:called_from:the_history_atlas.apps.history.history_app.create_wikidata_event:duration_seconds:0.008420
2025-04-15 21:50:32,104 - history_trace - DEBUG - create_tag_instances:duration_seconds:0.008465
2025-04-15 21:50:32,105 - history_trace - DEBUG - commit_transaction:duration_seconds:0.000435
2025-04-15 21:50:32,105 - history_trace - DEBUG - create_wikidata_event:duration_seconds:0.012723
2025-04-15 21:50:32,128 - history_trace - DEBUG - get_or_create_source:duration_seconds:0.000615
2025-04-15 21:50:32,130 - history_trace - DEBUG - db_op:create_summary:class:Repository:called_from:the_history_atlas.apps.history.history_app.create_wikidata_event:duration_seconds:0.001418
2025-04-15 21:50:32,130 - history_trace - DEBUG - create_summary:duration_seconds:0.001499
2025-04-15 21:50:32,131 - history_trace - DEBUG - db_op:create_citation_complete:class:Repository:called_from:the_history_atlas.apps.history.history_app.create_wikidata_event:duration_seconds:0.000504
2025-04-15 21:50:32,131 - history_trace - DEBUG - create_citation:duration_seconds:0.000589
2025-04-15 21:50:32,131 - history_trace - DEBUG - get_time_and_precision:duration_seconds:0.000674
2025-04-15 21:50:32,134 - history_trace - DEBUG - db_op:get_story_order:class:Repository:called_from:the_history_atlas.apps.history.repository.bulk_create_tag_instances:duration_seconds:0.002878
2025-04-15 21:50:32,134 - history_trace - DEBUG - get_story_order_for_tag_af291111-b036-42d8-81af-d6987c6a58aa:duration_seconds:0.002953
2025-04-15 21:50:32,135 - history_trace - DEBUG - db_op:update_story_orders:class:Repository:called_from:the_history_atlas.apps.history.repository.bulk_create_tag_instances:duration_seconds:0.000590
2025-04-15 21:50:32,135 - history_trace - DEBUG - update_story_orders_for_tag_af291111-b036-42d8-81af-d6987c6a58aa:duration_seconds:0.000662
2025-04-15 21:50:32,135 - history_trace - DEBUG - bulk_insert_for_tag_af291111-b036-42d8-81af-d6987c6a58aa:duration_seconds:0.000401
2025-04-15 21:50:32,137 - history_trace - DEBUG - db_op:get_story_order:class:Repository:called_from:the_history_atlas.apps.history.repository.bulk_create_tag_instances:duration_seconds:0.001692
2025-04-15 21:50:32,137 - history_trace - DEBUG - get_story_order_for_tag_232debca-5b98-4b0f-8d39-76d7a6317237:duration_seconds:0.001727
2025-04-15 21:50:32,138 - history_trace - DEBUG - db_op:update_story_orders:class:Repository:called_from:the_history_atlas.apps.history.repository.bulk_create_tag_instances:duration_seconds:0.000252
2025-04-15 21:50:32,138 - history_trace - DEBUG - update_story_orders_for_tag_232debca-5b98-4b0f-8d39-76d7a6317237:duration_seconds:0.000278
2025-04-15 21:50:32,138 - history_trace - DEBUG - bulk_insert_for_tag_232debca-5b98-4b0f-8d39-76d7a6317237:duration_seconds:0.000232
2025-04-15 21:50:32,144 - history_trace - DEBUG - db_op:get_story_order:class:Repository:called_from:the_history_atlas.apps.history.repository.bulk_create_tag_instances:duration_seconds:0.006007
2025-04-15 21:50:32,144 - history_trace - DEBUG - get_story_order_for_tag_72f28faa-fc28-422f-a8b4-7f7c7d7e595e:duration_seconds:0.006052
2025-04-15 21:50:32,144 - history_trace - DEBUG - db_op:update_story_orders:class:Repository:called_from:the_history_atlas.apps.history.repository.bulk_create_tag_instances:duration_seconds:0.000358
2025-04-15 21:50:32,144 - history_trace - DEBUG - update_story_orders_for_tag_72f28faa-fc28-422f-a8b4-7f7c7d7e595e:duration_seconds:0.000381
2025-04-15 21:50:32,145 - history_trace - DEBUG - bulk_insert_for_tag_72f28faa-fc28-422f-a8b4-7f7c7d7e595e:duration_seconds:0.000365
2025-04-15 21:50:32,145 - history_trace - DEBUG - db_op:bulk_create_tag_instances:class:Repository:called_from:the_history_atlas.apps.history.history_app.create_wikidata_event:duration_seconds:0.013415
2025-04-15 21:50:32,145 - history_trace - DEBUG - create_tag_instances:duration_seconds:0.013435
2025-04-15 21:50:32,145 - history_trace - DEBUG - commit_transaction:duration_seconds:0.000385
2025-04-15 21:50:32,145 - history_trace - DEBUG - create_wikidata_event:duration_seconds:0.017556
2025-04-15 21:50:33,105 - history_trace - DEBUG - get_or_create_source:duration_seconds:0.000956
2025-04-15 21:50:33,107 - history_trace - DEBUG - db_op:create_summary:class:Repository:called_from:the_history_atlas.apps.history.history_app.create_wikidata_event:duration_seconds:0.001662
2025-04-15 21:50:33,107 - history_trace - DEBUG - create_summary:duration_seconds:0.001715
2025-04-15 21:50:33,108 - history_trace - DEBUG - db_op:create_citation_complete:class:Repository:called_from:the_history_atlas.apps.history.history_app.create_wikidata_event:duration_seconds:0.001261
2025-04-15 21:50:33,108 - history_trace - DEBUG - create_citation:duration_seconds:0.001330
2025-04-15 21:50:33,109 - history_trace - DEBUG - get_time_and_precision:duration_seconds:0.000995
2025-04-15 21:50:33,113 - history_trace - DEBUG - db_op:get_story_order:class:Repository:called_from:the_history_atlas.apps.history.repository.bulk_create_tag_instances:duration_seconds:0.003772
2025-04-15 21:50:33,113 - history_trace - DEBUG - get_story_order_for_tag_af291111-b036-42d8-81af-d6987c6a58aa:duration_seconds:0.003847
2025-04-15 21:50:33,114 - history_trace - DEBUG - db_op:update_story_orders:class:Repository:called_from:the_history_atlas.apps.history.repository.bulk_create_tag_instances:duration_seconds:0.001172
2025-04-15 21:50:33,114 - history_trace - DEBUG - update_story_orders_for_tag_af291111-b036-42d8-81af-d6987c6a58aa:duration_seconds:0.001202
2025-04-15 21:50:33,115 - history_trace - DEBUG - bulk_insert_for_tag_af291111-b036-42d8-81af-d6987c6a58aa:duration_seconds:0.000467
2025-04-15 21:50:33,117 - history_trace - DEBUG - db_op:get_story_order:class:Repository:called_from:the_history_atlas.apps.history.repository.bulk_create_tag_instances:duration_seconds:0.002363
2025-04-15 21:50:33,117 - history_trace - DEBUG - get_story_order_for_tag_3fbb73ec-eefa-4ea2-a189-22391893f58f:duration_seconds:0.002397
2025-04-15 21:50:33,118 - history_trace - DEBUG - db_op:update_story_orders:class:Repository:called_from:the_history_atlas.apps.history.repository.bulk_create_tag_instances:duration_seconds:0.000490
2025-04-15 21:50:33,118 - history_trace - DEBUG - update_story_orders_for_tag_3fbb73ec-eefa-4ea2-a189-22391893f58f:duration_seconds:0.000513
2025-04-15 21:50:33,118 - history_trace - DEBUG - bulk_insert_for_tag_3fbb73ec-eefa-4ea2-a189-22391893f58f:duration_seconds:0.000442
2025-04-15 21:50:33,121 - history_trace - DEBUG - db_op:get_story_order:class:Repository:called_from:the_history_atlas.apps.history.repository.bulk_create_tag_instances:duration_seconds:0.002144
2025-04-15 21:50:33,121 - history_trace - DEBUG - get_story_order_for_tag_f07926d4-e751-41e4-838a-ab9583e28401:duration_seconds:0.002170
2025-04-15 21:50:33,121 - history_trace - DEBUG - db_op:update_story_orders:class:Repository:called_from:the_history_atlas.apps.history.repository.bulk_create_tag_instances:duration_seconds:0.000498
2025-04-15 21:50:33,121 - history_trace - DEBUG - update_story_orders_for_tag_f07926d4-e751-41e4-838a-ab9583e28401:duration_seconds:0.000519
2025-04-15 21:50:33,122 - history_trace - DEBUG - bulk_insert_for_tag_f07926d4-e751-41e4-838a-ab9583e28401:duration_seconds:0.000413
2025-04-15 21:50:33,122 - history_trace - DEBUG - db_op:bulk_create_tag_instances:class:Repository:called_from:the_history_atlas.apps.history.history_app.create_wikidata_event:duration_seconds:0.012267
2025-04-15 21:50:33,122 - history_trace - DEBUG - create_tag_instances:duration_seconds:0.012288
2025-04-15 21:50:33,122 - history_trace - DEBUG - commit_transaction:duration_seconds:0.000698
2025-04-15 21:50:33,122 - history_trace - DEBUG - create_wikidata_event:duration_seconds:0.018342
2025-04-15 21:50:34,165 - history_trace - DEBUG - get_or_create_source:duration_seconds:0.000854
2025-04-15 21:50:34,167 - history_trace - DEBUG - db_op:create_summary:class:Repository:called_from:the_history_atlas.apps.history.history_app.create_wikidata_event:duration_seconds:0.001623
2025-04-15 21:50:34,167 - history_trace - DEBUG - create_summary:duration_seconds:0.001693
2025-04-15 21:50:34,167 - history_trace - DEBUG - db_op:create_citation_complete:class:Repository:called_from:the_history_atlas.apps.history.history_app.create_wikidata_event:duration_seconds:0.000838
2025-04-15 21:50:34,168 - history_trace - DEBUG - create_citation:duration_seconds:0.000918
2025-04-15 21:50:34,168 - history_trace - DEBUG - get_time_and_precision:duration_seconds:0.000899
2025-04-15 21:50:34,172 - history_trace - DEBUG - db_op:get_story_order:class:Repository:called_from:the_history_atlas.apps.history.repository.bulk_create_tag_instances:duration_seconds:0.003797
2025-04-15 21:50:34,172 - history_trace - DEBUG - get_story_order_for_tag_af291111-b036-42d8-81af-d6987c6a58aa:duration_seconds:0.003845
2025-04-15 21:50:34,174 - history_trace - DEBUG - db_op:update_story_orders:class:Repository:called_from:the_history_atlas.apps.history.repository.bulk_create_tag_instances:duration_seconds:0.001778
2025-04-15 21:50:34,174 - history_trace - DEBUG - update_story_orders_for_tag_af291111-b036-42d8-81af-d6987c6a58aa:duration_seconds:0.001824
2025-04-15 21:50:34,175 - history_trace - DEBUG - bulk_insert_for_tag_af291111-b036-42d8-81af-d6987c6a58aa:duration_seconds:0.000892
2025-04-15 21:50:34,178 - history_trace - DEBUG - db_op:get_story_order:class:Repository:called_from:the_history_atlas.apps.history.repository.bulk_create_tag_instances:duration_seconds:0.002371
2025-04-15 21:50:34,178 - history_trace - DEBUG - get_story_order_for_tag_c9390b08-bd49-452b-a3ce-b9289676dbae:duration_seconds:0.002417
2025-04-15 21:50:34,178 - history_trace - DEBUG - db_op:update_story_orders:class:Repository:called_from:the_history_atlas.apps.history.repository.bulk_create_tag_instances:duration_seconds:0.000555
2025-04-15 21:50:34,178 - history_trace - DEBUG - update_story_orders_for_tag_c9390b08-bd49-452b-a3ce-b9289676dbae:duration_seconds:0.000593
2025-04-15 21:50:34,179 - history_trace - DEBUG - bulk_insert_for_tag_c9390b08-bd49-452b-a3ce-b9289676dbae:duration_seconds:0.000509
2025-04-15 21:50:34,181 - history_trace - DEBUG - db_op:get_story_order:class:Repository:called_from:the_history_atlas.apps.history.repository.bulk_create_tag_instances:duration_seconds:0.002285
2025-04-15 21:50:34,181 - history_trace - DEBUG - get_story_order_for_tag_45cec92b-2348-48db-b04f-00b16dc755c7:duration_seconds:0.002327
2025-04-15 21:50:34,182 - history_trace - DEBUG - db_op:update_story_orders:class:Repository:called_from:the_history_atlas.apps.history.repository.bulk_create_tag_instances:duration_seconds:0.000550
2025-04-15 21:50:34,182 - history_trace - DEBUG - update_story_orders_for_tag_45cec92b-2348-48db-b04f-00b16dc755c7:duration_seconds:0.000586
2025-04-15 21:50:34,183 - history_trace - DEBUG - bulk_insert_for_tag_45cec92b-2348-48db-b04f-00b16dc755c7:duration_seconds:0.000511
2025-04-15 21:50:34,186 - history_trace - DEBUG - db_op:get_story_order:class:Repository:called_from:the_history_atlas.apps.history.repository.bulk_create_tag_instances:duration_seconds:0.003258
2025-04-15 21:50:34,186 - history_trace - DEBUG - get_story_order_for_tag_f68162fe-3355-49bb-8547-2feac2d72a65:duration_seconds:0.003306
2025-04-15 21:50:34,187 - history_trace - DEBUG - db_op:update_story_orders:class:Repository:called_from:the_history_atlas.apps.history.repository.bulk_create_tag_instances:duration_seconds:0.001038
2025-04-15 21:50:34,187 - history_trace - DEBUG - update_story_orders_for_tag_f68162fe-3355-49bb-8547-2feac2d72a65:duration_seconds:0.001078
2025-04-15 21:50:34,188 - history_trace - DEBUG - bulk_insert_for_tag_f68162fe-3355-49bb-8547-2feac2d72a65:duration_seconds:0.000514
2025-04-15 21:50:34,190 - history_trace - DEBUG - db_op:get_story_order:class:Repository:called_from:the_history_atlas.apps.history.repository.bulk_create_tag_instances:duration_seconds:0.002098
2025-04-15 21:50:34,190 - history_trace - DEBUG - get_story_order_for_tag_673335e3-8c82-4ef7-8f9a-e12fe84173e6:duration_seconds:0.002137
2025-04-15 21:50:34,190 - history_trace - DEBUG - db_op:update_story_orders:class:Repository:called_from:the_history_atlas.apps.history.repository.bulk_create_tag_instances:duration_seconds:0.000407
2025-04-15 21:50:34,190 - history_trace - DEBUG - update_story_orders_for_tag_673335e3-8c82-4ef7-8f9a-e12fe84173e6:duration_seconds:0.000444
2025-04-15 21:50:34,191 - history_trace - DEBUG - bulk_insert_for_tag_673335e3-8c82-4ef7-8f9a-e12fe84173e6:duration_seconds:0.000423
2025-04-15 21:50:34,191 - history_trace - DEBUG - db_op:bulk_create_tag_instances:class:Repository:called_from:the_history_atlas.apps.history.history_app.create_wikidata_event:duration_seconds:0.022297
2025-04-15 21:50:34,191 - history_trace - DEBUG - create_tag_instances:duration_seconds:0.022334
2025-04-15 21:50:34,192 - history_trace - DEBUG - commit_transaction:duration_seconds:0.000689
2025-04-15 21:50:34,192 - history_trace - DEBUG - create_wikidata_event:duration_seconds:0.027834
2025-04-15 21:50:36,567 - history_trace - DEBUG - get_or_create_source:duration_seconds:0.000854
2025-04-15 21:50:36,569 - history_trace - DEBUG - db_op:create_summary:class:Repository:called_from:the_history_atlas.apps.history.history_app.create_wikidata_event:duration_seconds:0.001631
2025-04-15 21:50:36,569 - history_trace - DEBUG - create_summary:duration_seconds:0.001713
2025-04-15 21:50:36,570 - history_trace - DEBUG - db_op:create_citation_complete:class:Repository:called_from:the_history_atlas.apps.history.history_app.create_wikidata_event:duration_seconds:0.001078
2025-04-15 21:50:36,570 - history_trace - DEBUG - create_citation:duration_seconds:0.001164
2025-04-15 21:50:36,572 - history_trace - DEBUG - get_time_and_precision:duration_seconds:0.001012
2025-04-15 21:50:36,575 - history_trace - DEBUG - db_op:get_story_order:class:Repository:called_from:the_history_atlas.apps.history.repository.bulk_create_tag_instances:duration_seconds:0.003154
2025-04-15 21:50:36,575 - history_trace - DEBUG - get_story_order_for_tag_82fecd0c-a341-42d8-bba9-9ce352c85a3b:duration_seconds:0.003200
2025-04-15 21:50:36,576 - history_trace - DEBUG - db_op:update_story_orders:class:Repository:called_from:the_history_atlas.apps.history.repository.bulk_create_tag_instances:duration_seconds:0.000775
2025-04-15 21:50:36,576 - history_trace - DEBUG - update_story_orders_for_tag_82fecd0c-a341-42d8-bba9-9ce352c85a3b:duration_seconds:0.000815
2025-04-15 21:50:36,576 - history_trace - DEBUG - bulk_insert_for_tag_82fecd0c-a341-42d8-bba9-9ce352c85a3b:duration_seconds:0.000688
2025-04-15 21:50:36,580 - history_trace - DEBUG - db_op:get_story_order:class:Repository:called_from:the_history_atlas.apps.history.repository.bulk_create_tag_instances:duration_seconds:0.003843
2025-04-15 21:50:36,580 - history_trace - DEBUG - get_story_order_for_tag_9767569a-a877-44e0-a60a-5a969ad5be24:duration_seconds:0.003884
2025-04-15 21:50:36,582 - history_trace - DEBUG - db_op:update_story_orders:class:Repository:called_from:the_history_atlas.apps.history.repository.bulk_create_tag_instances:duration_seconds:0.001444
2025-04-15 21:50:36,582 - history_trace - DEBUG - update_story_orders_for_tag_9767569a-a877-44e0-a60a-5a969ad5be24:duration_seconds:0.001483
2025-04-15 21:50:36,583 - history_trace - DEBUG - bulk_insert_for_tag_9767569a-a877-44e0-a60a-5a969ad5be24:duration_seconds:0.000605
2025-04-15 21:50:36,585 - history_trace - DEBUG - db_op:get_story_order:class:Repository:called_from:the_history_atlas.apps.history.repository.bulk_create_tag_instances:duration_seconds:0.002566
2025-04-15 21:50:36,585 - history_trace - DEBUG - get_story_order_for_tag_e6657061-d09d-4688-aee5-0e8525c61d9b:duration_seconds:0.002609
2025-04-15 21:50:36,586 - history_trace - DEBUG - db_op:update_story_orders:class:Repository:called_from:the_history_atlas.apps.history.repository.bulk_create_tag_instances:duration_seconds:0.000589
2025-04-15 21:50:36,586 - history_trace - DEBUG - update_story_orders_for_tag_e6657061-d09d-4688-aee5-0e8525c61d9b:duration_seconds:0.000630
2025-04-15 21:50:36,586 - history_trace - DEBUG - bulk_insert_for_tag_e6657061-d09d-4688-aee5-0e8525c61d9b:duration_seconds:0.000552
2025-04-15 21:50:36,587 - history_trace - DEBUG - db_op:bulk_create_tag_instances:class:Repository:called_from:the_history_atlas.apps.history.history_app.create_wikidata_event:duration_seconds:0.014932
2025-04-15 21:50:36,587 - history_trace - DEBUG - create_tag_instances:duration_seconds:0.014966
2025-04-15 21:50:36,587 - history_trace - DEBUG - commit_transaction:duration_seconds:0.000683
2025-04-15 21:50:36,587 - history_trace - DEBUG - create_wikidata_event:duration_seconds:0.021086
